<?xml version="1.0" encoding="UTF-8"?>
<!-- Generated by org.testng.reporters.JUnitReportReporter -->
<testsuite hostname="MSI" failures="0" tests="1" name="TestNG.LoginWithWrongUsername" time="1.488" errors="0" timestamp="2023-03-03T23:16:02 IST" skipped="0">
  <testcase classname="TestNG.LoginWithWrongUsername" name="wrongUserName" time="1.488"/>
  <system-out/>
</testsuite> <!-- TestNG.LoginWithWrongUsername -->
